<?xml version="1.0" encoding="UTF-8"?>
<!-- Generated by org.testng.reporters.JUnitXMLReporter -->
<testsuite ignored="2" hostname="DESKTOP-2PIKAKN" failures="0" tests="2" name="Test" time="257.054" errors="0" timestamp="2023-09-18T19:35:12 IST">
  <testcase classname="tests.rest.TC001_VerifyLogin" name="verifyLogin" time="39.433"/>
  <testcase classname="tests.rest.TC002_AddLearner" name="addLearner" time="0.579"/>
  <testcase classname="lib.rest.PreAndTest" name="@BeforeSuite beforeSuite" time="0.0">
    <ignored/>
  </testcase> <!-- @BeforeSuite beforeSuite -->
  <testcase classname="lib.rest.PreAndTest" name="@AfterSuite afterSuite" time="0.0">
    <ignored/>
  </testcase> <!-- @AfterSuite afterSuite -->
</testsuite> <!-- Test -->
